<?xml version="1.0" encoding="UTF-8"?>
<!-- Generated by org.testng.reporters.JUnitXMLReporter -->
<testsuite ignored="0" hostname="DESKTOP-E7RH1QJ" failures="0" tests="4" name="sportyshoe" time="0.09" errors="0" timestamp="2023-11-15T13:45:47 IST">
  <testcase classname="com.sportyshoe.base.BaseTest" name="@BeforeSuite OpenBrowser" time="-1.700036147535E9">
    <failure type="org.testng.TestNGException" message="
Can inject only one of &amp;lt;ITestContext, XmlTest&amp;gt; into a @BeforeSuite annotated OpenBrowser.
For more information on native dependency injection please refer to https://testng.org/doc/documentation-main.html#native-dependency-injection">
      <![CDATA[org.testng.TestNGException: 
Can inject only one of <ITestContext, XmlTest> into a @BeforeSuite annotated OpenBrowser.
For more information on native dependency injection please refer to https://testng.org/doc/documentation-main.html#native-dependency-injection
... Removed 16 stack frames]]>
    </failure>
  </testcase> <!-- @BeforeSuite OpenBrowser -->
  <testcase classname="com.sportyshoe.testpages.SportyShoePageTest" name="User_Registration" time="0.0">
    <skipped/>
  </testcase> <!-- User_Registration -->
  <testcase classname="com.sportyshoe.testpages.SportyShoePageTest" name="User_Login" time="0.001">
    <skipped/>
  </testcase> <!-- User_Login -->
  <testcase classname="com.sportyshoe.testpages.SportyShoePageTest" name="Add_To_Cart" time="0.0">
    <skipped/>
  </testcase> <!-- Add_To_Cart -->
  <testcase classname="com.sportyshoe.testpages.SportyShoePageTest" name="Place_Order" time="0.0">
    <skipped/>
  </testcase> <!-- Place_Order -->
</testsuite> <!-- sportyshoe -->
